<?xml version="1.0" encoding="UTF-8"?>
<testng-results ignored="0" total="2" passed="2" failed="0" skipped="0">
  <reporter-output>
  </reporter-output>
  <suite started-at="2023-07-31T18:58:47 IST" name="Default suite" finished-at="2023-07-31T18:58:59 IST" duration-ms="12298">
    <groups>
    </groups>
    <test started-at="2023-07-31T18:58:47 IST" name="Default test" finished-at="2023-07-31T18:58:59 IST" duration-ms="12298">
      <class name="Practice1.Dataprovider">
        <test-method signature="datapro(java.util.HashMap)[pri:0, instance:Practice1.Dataprovider@2b91004a]" started-at="2023-07-31T18:58:47 IST" name="datapro" data-provider="testdata" finished-at="2023-07-31T18:58:55 IST" duration-ms="7798" status="PASS">
          <params>
            <param index="0">
              <value>
                <![CDATA[{name=mohit1, pass=pass1}]]>
              </value>
            </param>
          </params>
          <reporter-output>
          </reporter-output>
        </test-method> <!-- datapro -->
        <test-method signature="datapro(java.util.HashMap)[pri:0, instance:Practice1.Dataprovider@2b91004a]" started-at="2023-07-31T18:58:55 IST" name="datapro" data-provider="testdata" finished-at="2023-07-31T18:58:59 IST" duration-ms="4409" status="PASS">
          <params>
            <param index="0">
              <value>
                <![CDATA[{name=mohit2, pass=pass2}]]>
              </value>
            </param>
          </params>
          <reporter-output>
          </reporter-output>
        </test-method> <!-- datapro -->
      </class> <!-- Practice1.Dataprovider -->
    </test> <!-- Default test -->
  </suite> <!-- Default suite -->
</testng-results>
